<?xml version="1.0" encoding="UTF-8"?>
<testng-results skipped="0" failed="0" ignored="0" total="1" passed="1">
  <reporter-output>
    <line>
      <![CDATA[WebElement is present]]>
    </line>
  </reporter-output>
  <suite name="Default suite" duration-ms="15915" started-at="2018-08-19T10:17:28Z" finished-at="2018-08-19T10:17:44Z">
    <groups>
    </groups>
    <test name="Default test" duration-ms="15915" started-at="2018-08-19T10:17:28Z" finished-at="2018-08-19T10:17:44Z">
      <class name="actiTimeTest.ActiTimeHomeTest">
        <test-method status="PASS" signature="launch()[pri:0, instance:actiTimeTest.ActiTimeHomeTest@1bce4f0a]" name="launch" is-config="true" duration-ms="5205" started-at="2018-08-19T10:17:28Z" finished-at="2018-08-19T10:17:33Z">
          <reporter-output>
          </reporter-output>
        </test-method> <!-- launch -->
        <test-method status="PASS" signature="testLogout()[pri:0, instance:actiTimeTest.ActiTimeHomeTest@1bce4f0a]" name="testLogout" duration-ms="9812" started-at="2018-08-19T10:17:33Z" finished-at="2018-08-19T10:17:43Z">
          <reporter-output>
            <line>
              <![CDATA[WebElement is present]]>
            </line>
          </reporter-output>
        </test-method> <!-- testLogout -->
        <test-method status="PASS" signature="closeBrowser()[pri:0, instance:actiTimeTest.ActiTimeHomeTest@1bce4f0a]" name="closeBrowser" is-config="true" duration-ms="845" started-at="2018-08-19T10:17:43Z" finished-at="2018-08-19T10:17:44Z">
          <reporter-output>
          </reporter-output>
        </test-method> <!-- closeBrowser -->
      </class> <!-- actiTimeTest.ActiTimeHomeTest -->
    </test> <!-- Default test -->
  </suite> <!-- Default suite -->
</testng-results>
